{"C:\\Users\\rafaa\\Videos\\Programação\\Dev Full Stack Gama Academy\\Testes-Automatizados-Back-end\\Supertest\\src\\app.ts": {"path":"C:\\Users\\rafaa\\Videos\\Programação\\Dev Full Stack Gama Academy\\Testes-Automatizados-Back-end\\Supertest\\src\\app.ts","statementMap":{"0":{"start":{"line":4,"column":0},"end":{"line":4,"column":77}},"1":{"start":{"line":5,"column":0},"end":{"line":5,"column":57}},"2":{"start":{"line":7,"column":25},"end":{"line":7,"column":34}},"3":{"start":{"line":8,"column":0},"end":{"line":8,"column":null}},"4":{"start":{"line":11,"column":0},"end":{"line":13,"column":null}},"5":{"start":{"line":12,"column":4},"end":{"line":12,"column":null}},"6":{"start":{"line":15,"column":0},"end":{"line":15,"column":null}}},"fnMap":{"0":{"name":"(anonymous_1)","decl":{"start":{"line":11,"column":13},"end":{"line":11,"column":14}},"loc":{"start":{"line":11,"column":71},"end":{"line":13,"column":1}}}},"branchMap":{},"s":{"0":2,"1":2,"2":2,"3":2,"4":2,"5":1,"6":2},"f":{"0":1},"b":{}}
,"C:\\Users\\rafaa\\Videos\\Programação\\Dev Full Stack Gama Academy\\Testes-Automatizados-Back-end\\Supertest\\src\\routes\\user.routes.ts": {"path":"C:\\Users\\rafaa\\Videos\\Programação\\Dev Full Stack Gama Academy\\Testes-Automatizados-Back-end\\Supertest\\src\\routes\\user.routes.ts","statementMap":{"0":{"start":{"line":1,"column":0},"end":{"line":1,"column":51}},"1":{"start":{"line":3,"column":15},"end":{"line":3,"column":23}},"2":{"start":{"line":11,"column":8},"end":{"line":11,"column":14}},"3":{"start":{"line":5,"column":0},"end":{"line":9,"column":null}},"4":{"start":{"line":6,"column":16},"end":{"line":6,"column":43}},"5":{"start":{"line":7,"column":4},"end":{"line":7,"column":null}}},"fnMap":{"0":{"name":"(anonymous_0)","decl":{"start":{"line":5,"column":16},"end":{"line":5,"column":17}},"loc":{"start":{"line":5,"column":54},"end":{"line":9,"column":1}}}},"branchMap":{},"s":{"0":2,"1":2,"2":2,"3":2,"4":1,"5":1},"f":{"0":1},"b":{}}
}
